2025-08-15 14:58:31,206 - INFO - Iniciando o download dos dados do ERA5.
2025-08-15 14:58:31,206 - INFO - Requisição: {'product_type': ['monthly_averaged_reanalysis'], 'variable': ['total_precipitation', 'mean_evaporation_rate', 'mean_surface_direct_short_wave_radiation_flux', 'mean_surface_direct_short_wave_radiation_flux_clear_sky', 'mean_surface_downward_long_wave_radiation_flux', 'mean_surface_downward_long_wave_radiation_flux_clear_sky', 'mean_surface_downward_short_wave_radiation_flux', 'mean_surface_downward_short_wave_radiation_flux_clear_sky', 'mean_surface_downward_uv_radiation_flux', 'mean_surface_latent_heat_flux', 'mean_surface_net_long_wave_radiation_flux', 'mean_surface_net_long_wave_radiation_flux_clear_sky', 'mean_surface_net_short_wave_radiation_flux', 'mean_surface_net_short_wave_radiation_flux_clear_sky', 'mean_surface_sensible_heat_flux', 'mean_top_downward_short_wave_radiation_flux', 'mean_top_net_long_wave_radiation_flux', 'mean_top_net_long_wave_radiation_flux_clear_sky', 'mean_top_net_short_wave_radiation_flux', 'mean_top_net_short_wave_radiation_flux_clear_sky', 'mean_total_precipitation_rate', 'mean_vertically_integrated_moisture_divergence', 'total_column_water', 'total_column_water_vapour'], 'year': ['2024'], 'month': ['01'], 'time': ['00:00'], 'data_format': 'netcdf', 'download_format': 'unarchived'}
2025-08-15 14:58:31,206 - INFO - Variáveis solicitadas: total_precipitation, mean_evaporation_rate, mean_surface_direct_short_wave_radiation_flux, mean_surface_direct_short_wave_radiation_flux_clear_sky, mean_surface_downward_long_wave_radiation_flux, mean_surface_downward_long_wave_radiation_flux_clear_sky, mean_surface_downward_short_wave_radiation_flux, mean_surface_downward_short_wave_radiation_flux_clear_sky, mean_surface_downward_uv_radiation_flux, mean_surface_latent_heat_flux, mean_surface_net_long_wave_radiation_flux, mean_surface_net_long_wave_radiation_flux_clear_sky, mean_surface_net_short_wave_radiation_flux, mean_surface_net_short_wave_radiation_flux_clear_sky, mean_surface_sensible_heat_flux, mean_top_downward_short_wave_radiation_flux, mean_top_net_long_wave_radiation_flux, mean_top_net_long_wave_radiation_flux_clear_sky, mean_top_net_short_wave_radiation_flux, mean_top_net_short_wave_radiation_flux_clear_sky, mean_total_precipitation_rate, mean_vertically_integrated_moisture_divergence, total_column_water, total_column_water_vapour
2025-08-15 14:58:31,206 - INFO - Período: 2024 - 01
2025-08-15 14:58:31,206 - INFO - Formato de dados: netcdf
2025-08-15 14:58:32,143 - INFO - [2024-09-26T00:00:00] Watch our [Forum](https://forum.ecmwf.int/) for Announcements, news and other discussed topics.
2025-08-15 14:58:33,043 - INFO - Request ID is af19f548-ff42-41c8-9c0d-fc8702768ae4
2025-08-15 14:58:33,566 - INFO - status has been updated to accepted
2025-08-15 14:58:39,682 - INFO - status has been updated to running
2025-08-15 14:58:43,367 - INFO - status has been updated to successful
2025-08-15 14:58:43,983 - INFO - Downloading https://object-store.os-api.cci2.ecmwf.int:443/cci2-prod-cache-1/2025-08-15/7c0aeabf5013e3c08759ba78185951e7.zip
2025-08-15 15:00:04,137 - INFO - Iniciando o download dos dados do ERA5.
2025-08-15 15:00:04,137 - INFO - Requisição: reanalysis-era5-single-levels-monthly-means
2025-08-15 15:00:04,137 - INFO - Variáveis solicitadas: total_precipitation, mean_evaporation_rate, mean_surface_direct_short_wave_radiation_flux, mean_surface_direct_short_wave_radiation_flux_clear_sky, mean_surface_downward_long_wave_radiation_flux, mean_surface_downward_long_wave_radiation_flux_clear_sky, mean_surface_downward_short_wave_radiation_flux, mean_surface_downward_short_wave_radiation_flux_clear_sky, mean_surface_downward_uv_radiation_flux, mean_surface_latent_heat_flux, mean_surface_net_long_wave_radiation_flux, mean_surface_net_long_wave_radiation_flux_clear_sky, mean_surface_net_short_wave_radiation_flux, mean_surface_net_short_wave_radiation_flux_clear_sky, mean_surface_sensible_heat_flux, mean_top_downward_short_wave_radiation_flux, mean_top_net_long_wave_radiation_flux, mean_top_net_long_wave_radiation_flux_clear_sky, mean_top_net_short_wave_radiation_flux, mean_top_net_short_wave_radiation_flux_clear_sky, mean_total_precipitation_rate, mean_vertically_integrated_moisture_divergence, total_column_water, total_column_water_vapour
2025-08-15 15:00:04,137 - INFO - Período: 2024 - 01
2025-08-15 15:00:04,137 - INFO - Formato de dados: netcdf
2025-08-15 15:00:04,981 - INFO - [2024-09-26T00:00:00] Watch our [Forum](https://forum.ecmwf.int/) for Announcements, news and other discussed topics.
2025-08-15 15:00:05,829 - INFO - Request ID is 407459fb-542b-4eb6-9900-bb03598ef8c5
2025-08-15 15:00:06,108 - INFO - status has been updated to accepted
2025-08-15 15:00:15,948 - INFO - status has been updated to running
2025-08-15 15:00:21,374 - INFO - status has been updated to successful
2025-08-15 15:00:21,989 - INFO - Downloading https://object-store.os-api.cci2.ecmwf.int:443/cci2-prod-cache-1/2025-08-15/7c0aeabf5013e3c08759ba78185951e7.zip
2025-08-15 15:03:06,408 - INFO - Iniciando o download dos dados do ERA5.
2025-08-15 15:03:06,408 - INFO - Requisição: reanalysis-era5-single-levels-monthly-means
2025-08-15 15:03:06,408 - INFO - Variáveis solicitadas: total_precipitation, mean_evaporation_rate, mean_surface_direct_short_wave_radiation_flux, mean_surface_direct_short_wave_radiation_flux_clear_sky, mean_surface_downward_long_wave_radiation_flux, mean_surface_downward_long_wave_radiation_flux_clear_sky, mean_surface_downward_short_wave_radiation_flux, mean_surface_downward_short_wave_radiation_flux_clear_sky, mean_surface_downward_uv_radiation_flux, mean_surface_latent_heat_flux, mean_surface_net_long_wave_radiation_flux, mean_surface_net_long_wave_radiation_flux_clear_sky, mean_surface_net_short_wave_radiation_flux, mean_surface_net_short_wave_radiation_flux_clear_sky, mean_surface_sensible_heat_flux, mean_top_downward_short_wave_radiation_flux, mean_top_net_long_wave_radiation_flux, mean_top_net_long_wave_radiation_flux_clear_sky, mean_top_net_short_wave_radiation_flux, mean_top_net_short_wave_radiation_flux_clear_sky, mean_total_precipitation_rate, mean_vertically_integrated_moisture_divergence, total_column_water, total_column_water_vapour
2025-08-15 15:03:06,408 - INFO - Período: 2024 - 01
2025-08-15 15:03:06,408 - INFO - Formato de dados: netcdf
2025-08-15 15:03:08,336 - INFO - [2024-09-26T00:00:00] Watch our [Forum](https://forum.ecmwf.int/) for Announcements, news and other discussed topics.
2025-08-15 15:03:09,530 - INFO - Request ID is afabcad6-f8bf-480c-8f98-6ca328f244b5
2025-08-15 15:03:09,836 - INFO - status has been updated to accepted
2025-08-15 15:03:19,360 - INFO - status has been updated to successful
2025-08-15 15:03:19,975 - INFO - Downloading https://object-store.os-api.cci2.ecmwf.int:443/cci2-prod-cache-1/2025-08-15/7c0aeabf5013e3c08759ba78185951e7.zip
2025-08-15 15:04:27,595 - INFO - Tempo total de download: 1.35 minutos
2025-08-15 15:07:04,316 - INFO - Iniciando o download dos dados do ERA5.
2025-08-15 15:07:04,316 - INFO - Requisição: reanalysis-era5-single-levels-monthly-means
2025-08-15 15:07:04,316 - INFO - Variáveis solicitadas: total_precipitation, mean_evaporation_rate, mean_surface_direct_short_wave_radiation_flux, mean_surface_direct_short_wave_radiation_flux_clear_sky, mean_surface_downward_long_wave_radiation_flux, mean_surface_downward_long_wave_radiation_flux_clear_sky, mean_surface_downward_short_wave_radiation_flux, mean_surface_downward_short_wave_radiation_flux_clear_sky, mean_surface_downward_uv_radiation_flux, mean_surface_latent_heat_flux, mean_surface_net_long_wave_radiation_flux, mean_surface_net_long_wave_radiation_flux_clear_sky, mean_surface_net_short_wave_radiation_flux, mean_surface_net_short_wave_radiation_flux_clear_sky, mean_surface_sensible_heat_flux, mean_top_downward_short_wave_radiation_flux, mean_top_net_long_wave_radiation_flux, mean_top_net_long_wave_radiation_flux_clear_sky, mean_top_net_short_wave_radiation_flux, mean_top_net_short_wave_radiation_flux_clear_sky, mean_total_precipitation_rate, mean_vertically_integrated_moisture_divergence, total_column_water, total_column_water_vapour
2025-08-15 15:07:04,316 - INFO - Período: 2024 - 01
2025-08-15 15:07:04,316 - INFO - Formato de dados: netcdf
2025-08-15 15:07:05,371 - INFO - [2024-09-26T00:00:00] Watch our [Forum](https://forum.ecmwf.int/) for Announcements, news and other discussed topics.
2025-08-15 15:07:06,311 - INFO - Request ID is 944b0e0f-0be8-478d-8382-978398710601
2025-08-15 15:07:06,609 - INFO - status has been updated to accepted
2025-08-15 15:07:21,449 - INFO - status has been updated to successful
2025-08-15 15:07:22,166 - INFO - Downloading https://object-store.os-api.cci2.ecmwf.int:443/cci2-prod-cache-1/2025-08-15/7c0aeabf5013e3c08759ba78185951e7.zip
2025-08-15 15:08:26,343 - INFO - Tempo total de download: 1.37 minutos
