2025-08-15 16:38:40,355 - INFO - Iniciando o download dos dados do ERA5.
2025-08-15 16:38:40,355 - INFO - Requisição: reanalysis-era5-single-levels-monthly-means
2025-08-15 16:38:40,355 - INFO - Variáveis solicitadas: total_precipitation, mean_evaporation_rate, mean_surface_direct_short_wave_radiation_flux, mean_surface_direct_short_wave_radiation_flux_clear_sky, mean_surface_downward_long_wave_radiation_flux, mean_surface_downward_long_wave_radiation_flux_clear_sky, mean_surface_downward_short_wave_radiation_flux, mean_surface_downward_short_wave_radiation_flux_clear_sky, mean_surface_downward_uv_radiation_flux, mean_surface_latent_heat_flux, mean_surface_net_long_wave_radiation_flux, mean_surface_net_long_wave_radiation_flux_clear_sky, mean_surface_net_short_wave_radiation_flux, mean_surface_net_short_wave_radiation_flux_clear_sky, mean_surface_sensible_heat_flux, mean_top_downward_short_wave_radiation_flux, mean_top_net_long_wave_radiation_flux, mean_top_net_long_wave_radiation_flux_clear_sky, mean_top_net_short_wave_radiation_flux, mean_top_net_short_wave_radiation_flux_clear_sky, mean_total_precipitation_rate, mean_vertically_integrated_moisture_divergence, total_column_water, total_column_water_vapour
2025-08-15 16:38:40,355 - INFO - Período: 2024 - 01, 02, 03, 04, 05, 06, 07, 08, 09, 10, 11, 12
2025-08-15 16:38:40,355 - INFO - Formato de dados: netcdf
2025-08-15 16:38:41,977 - INFO - [2024-09-26T00:00:00] Watch our [Forum](https://forum.ecmwf.int/) for Announcements, news and other discussed topics.
2025-08-15 16:38:42,983 - INFO - Request ID is 74d380a1-3428-4867-9f06-b7f4153d0b0a
2025-08-15 16:38:43,308 - INFO - status has been updated to accepted
2025-08-15 16:38:52,728 - INFO - status has been updated to running
2025-08-15 16:38:58,155 - INFO - status has been updated to successful
2025-08-15 16:38:58,871 - INFO - Downloading https://object-store.os-api.cci2.ecmwf.int:443/cci2-prod-cache-2/2025-08-15/48b878711b6a135a71a8871ed78608f0.zip
2025-08-15 16:44:26,965 - INFO - Iniciando o download dos dados do ERA5.
2025-08-15 16:44:26,965 - INFO - Requisição: reanalysis-era5-single-levels-monthly-means
2025-08-15 16:44:26,965 - INFO - Variáveis solicitadas: total_precipitation, mean_evaporation_rate, mean_surface_direct_short_wave_radiation_flux, mean_surface_direct_short_wave_radiation_flux_clear_sky, mean_surface_downward_long_wave_radiation_flux, mean_surface_downward_long_wave_radiation_flux_clear_sky, mean_surface_downward_short_wave_radiation_flux, mean_surface_downward_short_wave_radiation_flux_clear_sky, mean_surface_downward_uv_radiation_flux, mean_surface_latent_heat_flux, mean_surface_net_long_wave_radiation_flux, mean_surface_net_long_wave_radiation_flux_clear_sky, mean_surface_net_short_wave_radiation_flux, mean_surface_net_short_wave_radiation_flux_clear_sky, mean_surface_sensible_heat_flux, mean_top_downward_short_wave_radiation_flux, mean_top_net_long_wave_radiation_flux, mean_top_net_long_wave_radiation_flux_clear_sky, mean_top_net_short_wave_radiation_flux, mean_top_net_short_wave_radiation_flux_clear_sky, mean_total_precipitation_rate, mean_vertically_integrated_moisture_divergence, total_column_water, total_column_water_vapour
2025-08-15 16:44:26,965 - INFO - Período: 2024 - 01, 02, 03, 04, 05, 06, 07, 08, 09, 10, 11, 12
2025-08-15 16:44:26,965 - INFO - Formato de dados: netcdf
2025-08-15 16:44:27,918 - INFO - [2024-09-26T00:00:00] Watch our [Forum](https://forum.ecmwf.int/) for Announcements, news and other discussed topics.
2025-08-15 16:44:28,945 - INFO - Request ID is 8d233aad-4e3e-4081-bbd8-f589ab19c650
2025-08-15 16:44:29,222 - INFO - status has been updated to accepted
2025-08-15 16:44:38,803 - INFO - status has been updated to running
2025-08-15 16:45:14,905 - INFO - Iniciando o download dos dados do ERA5.
2025-08-15 16:45:14,905 - INFO - Requisição: reanalysis-era5-single-levels-monthly-means
2025-08-15 16:45:14,905 - INFO - Variáveis solicitadas: total_precipitation, mean_evaporation_rate, mean_surface_direct_short_wave_radiation_flux, mean_surface_direct_short_wave_radiation_flux_clear_sky, mean_surface_downward_long_wave_radiation_flux, mean_surface_downward_long_wave_radiation_flux_clear_sky, mean_surface_downward_short_wave_radiation_flux, mean_surface_downward_short_wave_radiation_flux_clear_sky, mean_surface_downward_uv_radiation_flux, mean_surface_latent_heat_flux, mean_surface_net_long_wave_radiation_flux, mean_surface_net_long_wave_radiation_flux_clear_sky, mean_surface_net_short_wave_radiation_flux, mean_surface_net_short_wave_radiation_flux_clear_sky, mean_surface_sensible_heat_flux, mean_top_downward_short_wave_radiation_flux, mean_top_net_long_wave_radiation_flux, mean_top_net_long_wave_radiation_flux_clear_sky, mean_top_net_short_wave_radiation_flux, mean_top_net_short_wave_radiation_flux_clear_sky, mean_total_precipitation_rate, mean_vertically_integrated_moisture_divergence, total_column_water, total_column_water_vapour
2025-08-15 16:45:14,905 - INFO - Período: 2024 - 01, 02, 03, 04, 05, 06, 07, 08, 09, 10, 11, 12
2025-08-15 16:45:14,905 - INFO - Formato de dados: netcdf
2025-08-15 16:45:15,816 - INFO - [2024-09-26T00:00:00] Watch our [Forum](https://forum.ecmwf.int/) for Announcements, news and other discussed topics.
2025-08-15 16:45:16,751 - INFO - Request ID is 7418db83-bcbe-4686-bf6d-95924b5cf102
2025-08-15 16:45:17,034 - INFO - status has been updated to accepted
2025-08-15 16:45:26,417 - INFO - status has been updated to running
2025-08-15 16:45:31,800 - INFO - status has been updated to successful
2025-08-15 16:45:32,416 - INFO - Downloading https://object-store.os-api.cci2.ecmwf.int:443/cci2-prod-cache-2/2025-08-15/48b878711b6a135a71a8871ed78608f0.zip
2025-08-15 16:57:05,618 - INFO - Tempo total de download: 11.85 minutos
